Using pre-set license
Built from '2020.3/staging' branch; Version is '2020.3.11f1 (99c7afb366b3) revision 10078127'; Using compiler version '192528614'; Build Type 'Release'
OS: 'Windows 10 Home Single Language; OS build 19044.1706; Version 2009; 64bit' Language: 'en' Physical Memory: 12184 MB
BatchMode: 1, IsHumanControllingUs: 0, StartBugReporterOnCrash: 0, Is64bit: 1, IsPro: 0

 COMMAND LINE ARGUMENTS:
E:\2020.3.11f1\Editor\Unity.exe
-adb2
-batchMode
-noUpm
-name
AssetImportWorker0
-projectPath
E:/Project-H Git/Project-H/Project-H Updated
-logFile
Logs/AssetImportWorker0.log
-srvPort
60527
Successfully changed project path to: E:/Project-H Git/Project-H/Project-H Updated
E:/Project-H Git/Project-H/Project-H Updated
Using Asset Import Pipeline V2.
Refreshing native plugins compatible for Editor in 111.69 ms, found 2 plugins.
Preloading 0 native plugins for Editor in 0.00 ms.
Initialize engine version: 2020.3.11f1 (99c7afb366b3)
[Subsystems] Discovering subsystems at path E:/2020.3.11f1/Editor/Data/Resources/UnitySubsystems
[Subsystems] Discovering subsystems at path E:/Project-H Git/Project-H/Project-H Updated/Assets
GfxDevice: creating device client; threaded=0
Direct3D:
    Version:  Direct3D 11.0 [level 11.1]
    Renderer: Intel(R) HD Graphics 520 (ID=0x1916)
    Vendor:   
    VRAM:     6092 MB
    Driver:   30.0.101.1340
Initialize mono
Mono path[0] = 'E:/2020.3.11f1/Editor/Data/Managed'
Mono path[1] = 'E:/2020.3.11f1/Editor/Data/MonoBleedingEdge/lib/mono/unityjit'
Mono config path = 'E:/2020.3.11f1/Editor/Data/MonoBleedingEdge/etc'
Using monoOptions --debugger-agent=transport=dt_socket,embedding=1,server=y,suspend=n,address=127.0.0.1:56508
Begin MonoManager ReloadAssembly
Registering precompiled unity dll's ...
Register platform support module: E:/2020.3.11f1/Editor/Data/PlaybackEngines/WindowsStandaloneSupport/UnityEditor.WindowsStandalone.Extensions.dll
Registered in 0.002766 seconds.
Native extension for WindowsStandalone target not found
Refreshing native plugins compatible for Editor in 178.14 ms, found 2 plugins.
Preloading 0 native plugins for Editor in 0.00 ms.
Mono: successfully reloaded assembly
- Completed reload, in  8.719 seconds
Platform modules already initialized, skipping
Registering precompiled user dll's ...
Registered in 0.085174 seconds.
Begin MonoManager ReloadAssembly
Native extension for WindowsStandalone target not found
Refreshing native plugins compatible for Editor in 0.66 ms, found 2 plugins.
Preloading 0 native plugins for Editor in 0.00 ms.
Mono: successfully reloaded assembly
- Completed reload, in  3.588 seconds
Platform modules already initialized, skipping
========================================================================
Worker process is ready to serve import requests
Launched and connected shader compiler UnityShaderCompiler.exe after 0.14 seconds
Refreshing native plugins compatible for Editor in 0.62 ms, found 2 plugins.
Preloading 0 native plugins for Editor in 0.00 ms.
Unloading 1453 Unused Serialized files (Serialized files now loaded: 0)
System memory in use before: 73.5 MB.
System memory in use after: 73.6 MB.

Unloading 20 unused Assets to reduce memory usage. Loaded Objects now: 1895.
Total: 3.303500 ms (FindLiveObjects: 0.213900 ms CreateObjectMapping: 0.100600 ms MarkObjects: 2.879700 ms  DeleteObjects: 0.107400 ms)

========================================================================
Received Import Request.
  path: Assets/Scripts/EnemyProjectileMovement.cs
  artifactKey: Guid(f35dd88426bb15d4c8d69a66e2831521) Importer(815301076,1909f56bfc062723c751e8b465ee728b)
Start importing Assets/Scripts/EnemyProjectileMovement.cs using Guid(f35dd88426bb15d4c8d69a66e2831521) Importer(815301076,1909f56bfc062723c751e8b465ee728b)  -> (artifact id: '70b4c5312a089f223994fb74fc2ee110') in 0.105792 seconds
  Import took 0.110429 seconds .

========================================================================
Received Import Request.
  Time since last request: 67.041599 seconds.
  path: Assets/Scripts/EnemyProjectileMovement.cs
  artifactKey: Guid(f35dd88426bb15d4c8d69a66e2831521) Importer(815301076,1909f56bfc062723c751e8b465ee728b)
Start importing Assets/Scripts/EnemyProjectileMovement.cs using Guid(f35dd88426bb15d4c8d69a66e2831521) Importer(815301076,1909f56bfc062723c751e8b465ee728b)  -> (artifact id: '660dde07dea6a3805e0b65ad88d2922f') in 0.025112 seconds
  Import took 0.033907 seconds .

========================================================================
Received Prepare
Registering precompiled user dll's ...
Registered in 0.012451 seconds.
Begin MonoManager ReloadAssembly
Native extension for WindowsStandalone target not found
Refreshing native plugins compatible for Editor in 0.59 ms, found 2 plugins.
Preloading 0 native plugins for Editor in 0.00 ms.
Mono: successfully reloaded assembly
- Completed reload, in  3.021 seconds
Platform modules already initialized, skipping
Switching build target platform(19) subTarget(0) extendedPlatform(0) -> platform(13) subTarget(589824) extendedPlatform(0)
Refreshing native plugins compatible for Editor in 0.73 ms, found 2 plugins.
Preloading 0 native plugins for Editor in 0.00 ms.
Unloading 1433 Unused Serialized files (Serialized files now loaded: 0)
System memory in use before: 71.2 MB.
System memory in use after: 71.3 MB.

Unloading 15 unused Assets to reduce memory usage. Loaded Objects now: 1898.
Total: 3.282400 ms (FindLiveObjects: 0.266800 ms CreateObjectMapping: 0.087300 ms MarkObjects: 2.896500 ms  DeleteObjects: 0.029700 ms)

AssetImportParameters requested are different than current active one (requested -> active):
  custom:graphics/normal-map-encoding: 01000000000000000000000000000000 -> 02000000000000000000000000000000
========================================================================
Received Import Request.
  Time since last request: 53.475827 seconds.
  path: Assets/Scripts/PlayerProjectileMovement.cs
  artifactKey: Guid(adf0aa51393764a4a83dc576b3b949da) Importer(815301076,1909f56bfc062723c751e8b465ee728b)
Start importing Assets/Scripts/PlayerProjectileMovement.cs using Guid(adf0aa51393764a4a83dc576b3b949da) Importer(815301076,1909f56bfc062723c751e8b465ee728b)  -> (artifact id: '4abd6de85455c4482fe7cb9d2bfe1dd6') in 0.065413 seconds
  Import took 0.080762 seconds .

========================================================================
Received Import Request.
  Time since last request: 76.942394 seconds.
  path: Assets/Scripts/PlayerProjectileMovement.cs
  artifactKey: Guid(adf0aa51393764a4a83dc576b3b949da) Importer(815301076,1909f56bfc062723c751e8b465ee728b)
Start importing Assets/Scripts/PlayerProjectileMovement.cs using Guid(adf0aa51393764a4a83dc576b3b949da) Importer(815301076,1909f56bfc062723c751e8b465ee728b)  -> (artifact id: '8cc04bdfe2a1c3259edf816782acebe5') in 0.092048 seconds
  Import took 0.262930 seconds .

========================================================================
Received Prepare
Registering precompiled user dll's ...
Registered in 0.012159 seconds.
Begin MonoManager ReloadAssembly
Native extension for WindowsStandalone target not found
Refreshing native plugins compatible for Editor in 0.58 ms, found 2 plugins.
Preloading 0 native plugins for Editor in 0.00 ms.
Mono: successfully reloaded assembly
- Completed reload, in  2.812 seconds
Platform modules already initialized, skipping
Switching build target platform(19) subTarget(0) extendedPlatform(0) -> platform(13) subTarget(589824) extendedPlatform(0)
Refreshing native plugins compatible for Editor in 0.93 ms, found 2 plugins.
Preloading 0 native plugins for Editor in 0.00 ms.
Unloading 1434 Unused Serialized files (Serialized files now loaded: 0)
System memory in use before: 71.3 MB.
System memory in use after: 71.4 MB.

Unloading 15 unused Assets to reduce memory usage. Loaded Objects now: 1902.
Total: 5.940000 ms (FindLiveObjects: 0.551900 ms CreateObjectMapping: 0.220300 ms MarkObjects: 5.134000 ms  DeleteObjects: 0.031300 ms)

AssetImportParameters requested are different than current active one (requested -> active):
  custom:graphics/normal-map-encoding: 01000000000000000000000000000000 -> 02000000000000000000000000000000
========================================================================
Received Import Request.
  Time since last request: 105.685719 seconds.
  path: Assets/Prefabs
  artifactKey: Guid(c95c95624f3d88e40a5321fbb427a564) Importer(815301076,1909f56bfc062723c751e8b465ee728b)
Start importing Assets/Prefabs using Guid(c95c95624f3d88e40a5321fbb427a564) Importer(815301076,1909f56bfc062723c751e8b465ee728b)  -> (artifact id: '2287eb0175ef23b89e49b6b255c8b064') in 0.061986 seconds
  Import took 0.069410 seconds .

========================================================================
Received Import Request.
  Time since last request: 0.000390 seconds.
  path: Assets/Prefabs/vfx_Projectile_PinkGum_Mobile.prefab
  artifactKey: Guid(4e3f52289a4cd574291772200c6af27a) Importer(815301076,1909f56bfc062723c751e8b465ee728b)
Start importing Assets/Prefabs/vfx_Projectile_PinkGum_Mobile.prefab using Guid(4e3f52289a4cd574291772200c6af27a) Importer(815301076,1909f56bfc062723c751e8b465ee728b)  -> (artifact id: '1b200585f6d47d9a86fe55203b32a331') in 0.100107 seconds
  Import took 0.106223 seconds .

========================================================================
Received Import Request.
  Time since last request: 0.000432 seconds.
  path: Assets/Prefabs/vfx_Hit_SpellOrange_Mobile.prefab
  artifactKey: Guid(a084af0c02954134ea35b895e37e31d3) Importer(815301076,1909f56bfc062723c751e8b465ee728b)
Start importing Assets/Prefabs/vfx_Hit_SpellOrange_Mobile.prefab using Guid(a084af0c02954134ea35b895e37e31d3) Importer(815301076,1909f56bfc062723c751e8b465ee728b)  -> (artifact id: 'a1476211e7939aad541dab18a2811eda') in 0.024372 seconds
  Import took 0.029991 seconds .

========================================================================
Received Import Request.
  Time since last request: 0.000533 seconds.
  path: Assets/Prefabs/vfx_Hit_ElectricOrangeBall_Mobile.prefab
  artifactKey: Guid(979dbbdd6c5985a47b3531de6abda2f3) Importer(815301076,1909f56bfc062723c751e8b465ee728b)
Start importing Assets/Prefabs/vfx_Hit_ElectricOrangeBall_Mobile.prefab using Guid(979dbbdd6c5985a47b3531de6abda2f3) Importer(815301076,1909f56bfc062723c751e8b465ee728b)  -> (artifact id: 'db44b0c21630962a95c2d5df81c6f76e') in 0.031526 seconds
  Import took 0.038039 seconds .

========================================================================
Received Import Request.
  Time since last request: 0.000423 seconds.
  path: Assets/Prefabs/vfx_Projectile_Comet_Orange_Mobile.prefab
  artifactKey: Guid(d6322528f350d334d835664f913dc0d8) Importer(815301076,1909f56bfc062723c751e8b465ee728b)
Start importing Assets/Prefabs/vfx_Projectile_Comet_Orange_Mobile.prefab using Guid(d6322528f350d334d835664f913dc0d8) Importer(815301076,1909f56bfc062723c751e8b465ee728b)  -> (artifact id: '35e40d1634fda86d9dfd9b5b461b0917') in 0.026399 seconds
  Import took 0.039321 seconds .

========================================================================
Received Import Request.
  Time since last request: 0.000437 seconds.
  path: Assets/Prefabs/vfx_Projectile_ElectricOrangeBall_Mobile.prefab
  artifactKey: Guid(426c0edabd69073449361eb53326e9b9) Importer(815301076,1909f56bfc062723c751e8b465ee728b)
Start importing Assets/Prefabs/vfx_Projectile_ElectricOrangeBall_Mobile.prefab using Guid(426c0edabd69073449361eb53326e9b9) Importer(815301076,1909f56bfc062723c751e8b465ee728b)  -> (artifact id: 'be1a686716259d2dd7865442b9a9f724') in 0.028638 seconds
  Import took 0.036967 seconds .

========================================================================
Received Import Request.
  Time since last request: 0.000352 seconds.
  path: Assets/Prefabs/vfx_Projectile_SpellOrange_Mobile.prefab
  artifactKey: Guid(1c42df62458111b4abf81bf4d13f0c8e) Importer(815301076,1909f56bfc062723c751e8b465ee728b)
Start importing Assets/Prefabs/vfx_Projectile_SpellOrange_Mobile.prefab using Guid(1c42df62458111b4abf81bf4d13f0c8e) Importer(815301076,1909f56bfc062723c751e8b465ee728b)  -> (artifact id: '1232df994f4535cc059f2c6da45e13cf') in 0.040591 seconds
  Import took 0.047958 seconds .

========================================================================
Received Import Request.
  Time since last request: 13.613462 seconds.
  path: Assets/GabrielAguiarProductions/Unique_Projectiles_Volume_1/Models/RingMesh01.fbx
  artifactKey: Guid(78eb14c9fef85f34fb822503d9c7f53b) Importer(815301076,1909f56bfc062723c751e8b465ee728b)
Start importing Assets/GabrielAguiarProductions/Unique_Projectiles_Volume_1/Models/RingMesh01.fbx using Guid(78eb14c9fef85f34fb822503d9c7f53b) Importer(815301076,1909f56bfc062723c751e8b465ee728b)  -> (artifact id: '0a6588c01bbbef6006671a9ac8925f08') in 1.092602 seconds
  Import took 1.106792 seconds .

========================================================================
Received Import Request.
  Time since last request: 11.960951 seconds.
  path: Assets/Prefabs/vfx_Projectile_SpellOrange_Mobile.prefab
  artifactKey: Guid(1c42df62458111b4abf81bf4d13f0c8e) Importer(815301076,1909f56bfc062723c751e8b465ee728b)
Start importing Assets/Prefabs/vfx_Projectile_SpellOrange_Mobile.prefab using Guid(1c42df62458111b4abf81bf4d13f0c8e) Importer(815301076,1909f56bfc062723c751e8b465ee728b)  -> (artifact id: 'd60af0a6f7e52e4fb11ddf47cad4fe2d') in 0.051340 seconds
  Import took 0.071754 seconds .

========================================================================
Received Import Request.
  Time since last request: 8.326414 seconds.
  path: Assets/Prefabs/vfx_Projectile_SpellOrange_Mobile.prefab
  artifactKey: Guid(1c42df62458111b4abf81bf4d13f0c8e) Importer(815301076,1909f56bfc062723c751e8b465ee728b)
Start importing Assets/Prefabs/vfx_Projectile_SpellOrange_Mobile.prefab using Guid(1c42df62458111b4abf81bf4d13f0c8e) Importer(815301076,1909f56bfc062723c751e8b465ee728b)  -> (artifact id: 'b6593bf3cb4e4b7853cf8c737fbd05a9') in 0.043595 seconds
  Import took 0.081227 seconds .

========================================================================
Received Import Request.
  Time since last request: 0.005795 seconds.
  path: Assets/Prefabs/vfx_Projectile_SpellOrange_Mobile.prefab
  artifactKey: Guid(1c42df62458111b4abf81bf4d13f0c8e) Importer(815301076,1909f56bfc062723c751e8b465ee728b)
Start importing Assets/Prefabs/vfx_Projectile_SpellOrange_Mobile.prefab using Guid(1c42df62458111b4abf81bf4d13f0c8e) Importer(815301076,1909f56bfc062723c751e8b465ee728b)  -> (artifact id: 'b6593bf3cb4e4b7853cf8c737fbd05a9') in 0.044305 seconds
  Import took 0.057687 seconds .

========================================================================
Received Import Request.
  Time since last request: 29.840357 seconds.
  path: Assets/Prefabs/vfx_Projectile_Comet_Orange_Mobile.prefab
  artifactKey: Guid(d6322528f350d334d835664f913dc0d8) Importer(815301076,1909f56bfc062723c751e8b465ee728b)
Start importing Assets/Prefabs/vfx_Projectile_Comet_Orange_Mobile.prefab using Guid(d6322528f350d334d835664f913dc0d8) Importer(815301076,1909f56bfc062723c751e8b465ee728b)  -> (artifact id: '4bd7df3853fb7a57a2296d08cf3282cc') in 0.035957 seconds
  Import took 0.048541 seconds .

========================================================================
Received Import Request.
  Time since last request: 0.009216 seconds.
  path: Assets/Prefabs/vfx_Projectile_Comet_Orange_Mobile.prefab
  artifactKey: Guid(d6322528f350d334d835664f913dc0d8) Importer(815301076,1909f56bfc062723c751e8b465ee728b)
Start importing Assets/Prefabs/vfx_Projectile_Comet_Orange_Mobile.prefab using Guid(d6322528f350d334d835664f913dc0d8) Importer(815301076,1909f56bfc062723c751e8b465ee728b)  -> (artifact id: '4bd7df3853fb7a57a2296d08cf3282cc') in 0.048005 seconds
  Import took 0.063821 seconds .

========================================================================
Received Import Request.
  Time since last request: 5.361833 seconds.
  path: Assets/Prefabs/vfx_Projectile_Comet_Orange_Mobile.prefab
  artifactKey: Guid(d6322528f350d334d835664f913dc0d8) Importer(815301076,1909f56bfc062723c751e8b465ee728b)
Start importing Assets/Prefabs/vfx_Projectile_Comet_Orange_Mobile.prefab using Guid(d6322528f350d334d835664f913dc0d8) Importer(815301076,1909f56bfc062723c751e8b465ee728b)  -> (artifact id: '186f6519b9e0325ec0c12f3025b8219f') in 0.030247 seconds
  Import took 0.040299 seconds .

========================================================================
Received Import Request.
  Time since last request: 8.034559 seconds.
  path: Assets/Prefabs/vfx_Projectile_Comet_Orange_Mobile.prefab
  artifactKey: Guid(d6322528f350d334d835664f913dc0d8) Importer(815301076,1909f56bfc062723c751e8b465ee728b)
Start importing Assets/Prefabs/vfx_Projectile_Comet_Orange_Mobile.prefab using Guid(d6322528f350d334d835664f913dc0d8) Importer(815301076,1909f56bfc062723c751e8b465ee728b)  -> (artifact id: '0b2b9e209fa526c763c6ccf219490379') in 0.073733 seconds
  Import took 0.110136 seconds .

========================================================================
Received Prepare
Registering precompiled user dll's ...
Registered in 0.082635 seconds.
Begin MonoManager ReloadAssembly
Native extension for WindowsStandalone target not found
Refreshing native plugins compatible for Editor in 0.72 ms, found 2 plugins.
Preloading 0 native plugins for Editor in 0.00 ms.
Mono: successfully reloaded assembly
- Completed reload, in 10.261 seconds
Platform modules already initialized, skipping
Switching build target platform(19) subTarget(0) extendedPlatform(0) -> platform(13) subTarget(589824) extendedPlatform(0)
Refreshing native plugins compatible for Editor in 0.71 ms, found 2 plugins.
Preloading 0 native plugins for Editor in 0.00 ms.
Unloading 1434 Unused Serialized files (Serialized files now loaded: 0)
System memory in use before: 74.7 MB.
System memory in use after: 74.8 MB.

Unloading 16 unused Assets to reduce memory usage. Loaded Objects now: 1915.
Total: 3.149700 ms (FindLiveObjects: 0.197900 ms CreateObjectMapping: 0.133300 ms MarkObjects: 2.780100 ms  DeleteObjects: 0.036400 ms)

AssetImportParameters requested are different than current active one (requested -> active):
  custom:graphics/normal-map-encoding: 01000000000000000000000000000000 -> 02000000000000000000000000000000
========================================================================
Received Prepare
Registering precompiled user dll's ...
Registered in 0.011754 seconds.
Begin MonoManager ReloadAssembly
Native extension for WindowsStandalone target not found
Refreshing native plugins compatible for Editor in 0.84 ms, found 2 plugins.
Preloading 0 native plugins for Editor in 0.00 ms.
Mono: successfully reloaded assembly
- Completed reload, in  2.700 seconds
Platform modules already initialized, skipping
Switching build target platform(19) subTarget(0) extendedPlatform(0) -> platform(13) subTarget(589824) extendedPlatform(0)
Refreshing native plugins compatible for Editor in 0.78 ms, found 2 plugins.
Preloading 0 native plugins for Editor in 0.00 ms.
Unloading 1434 Unused Serialized files (Serialized files now loaded: 0)
System memory in use before: 74.7 MB.
System memory in use after: 74.8 MB.

Unloading 15 unused Assets to reduce memory usage. Loaded Objects now: 1918.
Total: 3.275200 ms (FindLiveObjects: 0.212600 ms CreateObjectMapping: 0.097700 ms MarkObjects: 2.930600 ms  DeleteObjects: 0.032600 ms)

AssetImportParameters requested are different than current active one (requested -> active):
  custom:graphics/normal-map-encoding: 01000000000000000000000000000000 -> 02000000000000000000000000000000
========================================================================
Received Prepare
Registering precompiled user dll's ...
Registered in 0.007145 seconds.
Begin MonoManager ReloadAssembly
Native extension for WindowsStandalone target not found
Refreshing native plugins compatible for Editor in 2.52 ms, found 2 plugins.
Preloading 0 native plugins for Editor in 0.00 ms.
Mono: successfully reloaded assembly
- Completed reload, in  4.103 seconds
Platform modules already initialized, skipping
Switching build target platform(19) subTarget(0) extendedPlatform(0) -> platform(13) subTarget(589824) extendedPlatform(0)
Refreshing native plugins compatible for Editor in 0.68 ms, found 2 plugins.
Preloading 0 native plugins for Editor in 0.00 ms.
Unloading 1434 Unused Serialized files (Serialized files now loaded: 0)
System memory in use before: 74.7 MB.
System memory in use after: 74.8 MB.

Unloading 15 unused Assets to reduce memory usage. Loaded Objects now: 1921.
Total: 4.086000 ms (FindLiveObjects: 0.326200 ms CreateObjectMapping: 0.313900 ms MarkObjects: 3.411700 ms  DeleteObjects: 0.031600 ms)

AssetImportParameters requested are different than current active one (requested -> active):
  custom:graphics/normal-map-encoding: 01000000000000000000000000000000 -> 02000000000000000000000000000000
========================================================================
Received Import Request.
  Time since last request: 281.318462 seconds.
  path: Assets/GabrielAguiarProductions/Unique_Projectiles_Volume_1/Materials/Mobile/Projectile_Electric.mat
  artifactKey: Guid(a2a358c11de5c5f489c89831797991a8) Importer(815301076,1909f56bfc062723c751e8b465ee728b)
Start importing Assets/GabrielAguiarProductions/Unique_Projectiles_Volume_1/Materials/Mobile/Projectile_Electric.mat using Guid(a2a358c11de5c5f489c89831797991a8) Importer(815301076,1909f56bfc062723c751e8b465ee728b)  -> (artifact id: '79d20b276435bd81efaec104634e1215') in 0.196925 seconds
  Import took 0.202143 seconds .

========================================================================
Received Import Request.
  Time since last request: 557.044644 seconds.
  path: Assets/Prefabs/vfx_Projectile_Comet_Orange_Mobile.prefab
  artifactKey: Guid(d6322528f350d334d835664f913dc0d8) Importer(815301076,1909f56bfc062723c751e8b465ee728b)
Start importing Assets/Prefabs/vfx_Projectile_Comet_Orange_Mobile.prefab using Guid(d6322528f350d334d835664f913dc0d8) Importer(815301076,1909f56bfc062723c751e8b465ee728b)  -> (artifact id: '0a1ed599d2dd425063f081acb0e378e2') in 0.065672 seconds
  Import took 0.077288 seconds .

========================================================================
Received Import Request.
  Time since last request: 0.003479 seconds.
  path: Assets/Prefabs/vfx_Projectile_Comet_Orange_Mobile.prefab
  artifactKey: Guid(d6322528f350d334d835664f913dc0d8) Importer(815301076,1909f56bfc062723c751e8b465ee728b)
Start importing Assets/Prefabs/vfx_Projectile_Comet_Orange_Mobile.prefab using Guid(d6322528f350d334d835664f913dc0d8) Importer(815301076,1909f56bfc062723c751e8b465ee728b)  -> (artifact id: '0a1ed599d2dd425063f081acb0e378e2') in 0.013980 seconds
  Import took 0.024117 seconds .

========================================================================
Received Prepare
Registering precompiled user dll's ...
Registered in 0.072979 seconds.
Begin MonoManager ReloadAssembly
Native extension for WindowsStandalone target not found
Refreshing native plugins compatible for Editor in 2.57 ms, found 2 plugins.
Preloading 0 native plugins for Editor in 0.00 ms.
Mono: successfully reloaded assembly
- Completed reload, in 10.221 seconds
Platform modules already initialized, skipping
Switching build target platform(19) subTarget(0) extendedPlatform(0) -> platform(13) subTarget(589824) extendedPlatform(0)
Refreshing native plugins compatible for Editor in 1.29 ms, found 2 plugins.
Preloading 0 native plugins for Editor in 0.00 ms.
Unloading 1434 Unused Serialized files (Serialized files now loaded: 0)
System memory in use before: 74.9 MB.
System memory in use after: 75.0 MB.

Unloading 15 unused Assets to reduce memory usage. Loaded Objects now: 1958.
Total: 7.516300 ms (FindLiveObjects: 1.043000 ms CreateObjectMapping: 0.224800 ms MarkObjects: 6.206300 ms  DeleteObjects: 0.035900 ms)

AssetImportParameters requested are different than current active one (requested -> active):
  custom:graphics/normal-map-encoding: 01000000000000000000000000000000 -> 02000000000000000000000000000000
========================================================================
Received Import Request.
  Time since last request: 62.058289 seconds.
  path: Assets/GabrielAguiarProductions/Unique_Projectiles_Volume_1/Materials/UniqueProjectiles_Additive_8x8.mat
  artifactKey: Guid(692dfdefcd910164cbc23e29df21b0ef) Importer(815301076,1909f56bfc062723c751e8b465ee728b)
Start importing Assets/GabrielAguiarProductions/Unique_Projectiles_Volume_1/Materials/UniqueProjectiles_Additive_8x8.mat using Guid(692dfdefcd910164cbc23e29df21b0ef) Importer(815301076,1909f56bfc062723c751e8b465ee728b)  -> (artifact id: '9156a78cfd32209b9a2a0277bf427a74') in 1.324152 seconds
  Import took 1.334890 seconds .

========================================================================
Received Import Request.
  Time since last request: 24.275351 seconds.
  path: Assets/GabrielAguiarProductions/Unique_Projectiles_Volume_1/Materials/UniqueProjectiles_AB_8x8.mat
  artifactKey: Guid(761fcaf3853386b4c80234bc48bdd122) Importer(815301076,1909f56bfc062723c751e8b465ee728b)
Start importing Assets/GabrielAguiarProductions/Unique_Projectiles_Volume_1/Materials/UniqueProjectiles_AB_8x8.mat using Guid(761fcaf3853386b4c80234bc48bdd122) Importer(815301076,1909f56bfc062723c751e8b465ee728b)  -> (artifact id: 'c37a84b3bc267871bcf02bbb39119715') in 1.392376 seconds
  Import took 1.406211 seconds .

========================================================================
Received Import Request.
  Time since last request: 0.014210 seconds.
  path: Assets/GabrielAguiarProductions/Unique_Projectiles_Volume_1/Materials/UniqueProjectiles_AB_8x8.mat
  artifactKey: Guid(761fcaf3853386b4c80234bc48bdd122) Importer(815301076,1909f56bfc062723c751e8b465ee728b)
Start importing Assets/GabrielAguiarProductions/Unique_Projectiles_Volume_1/Materials/UniqueProjectiles_AB_8x8.mat using Guid(761fcaf3853386b4c80234bc48bdd122) Importer(815301076,1909f56bfc062723c751e8b465ee728b)  -> (artifact id: 'c37a84b3bc267871bcf02bbb39119715') in 1.358759 seconds
  Import took 1.389938 seconds .

========================================================================
Received Prepare
Registering precompiled user dll's ...
Registered in 0.011039 seconds.
Begin MonoManager ReloadAssembly
Native extension for WindowsStandalone target not found
Refreshing native plugins compatible for Editor in 0.75 ms, found 2 plugins.
Preloading 0 native plugins for Editor in 0.00 ms.
Mono: successfully reloaded assembly
- Completed reload, in  2.752 seconds
Platform modules already initialized, skipping
Switching build target platform(19) subTarget(0) extendedPlatform(0) -> platform(13) subTarget(589824) extendedPlatform(0)
Refreshing native plugins compatible for Editor in 0.69 ms, found 2 plugins.
Preloading 0 native plugins for Editor in 0.00 ms.
Unloading 1434 Unused Serialized files (Serialized files now loaded: 0)
System memory in use before: 75.0 MB.
System memory in use after: 75.1 MB.

Unloading 15 unused Assets to reduce memory usage. Loaded Objects now: 1962.
Total: 4.306800 ms (FindLiveObjects: 0.292200 ms CreateObjectMapping: 0.178600 ms MarkObjects: 3.792900 ms  DeleteObjects: 0.040600 ms)

AssetImportParameters requested are different than current active one (requested -> active):
  custom:graphics/normal-map-encoding: 01000000000000000000000000000000 -> 02000000000000000000000000000000
========================================================================
Received Import Request.
  Time since last request: 463.816226 seconds.
  path: Assets/Prefabs/vfx_Projectile_Comet_Orange_Mobile.prefab
  artifactKey: Guid(d6322528f350d334d835664f913dc0d8) Importer(815301076,1909f56bfc062723c751e8b465ee728b)
Start importing Assets/Prefabs/vfx_Projectile_Comet_Orange_Mobile.prefab using Guid(d6322528f350d334d835664f913dc0d8) Importer(815301076,1909f56bfc062723c751e8b465ee728b)  -> (artifact id: '87d7822fdeebb89f786666bb65974402') in 0.091047 seconds
  Import took 0.100619 seconds .

========================================================================
Received Import Request.
  Time since last request: 0.047060 seconds.
  path: Assets/Prefabs/vfx_Projectile_Comet_Orange_Mobile.prefab
  artifactKey: Guid(d6322528f350d334d835664f913dc0d8) Importer(815301076,1909f56bfc062723c751e8b465ee728b)
Start importing Assets/Prefabs/vfx_Projectile_Comet_Orange_Mobile.prefab using Guid(d6322528f350d334d835664f913dc0d8) Importer(815301076,1909f56bfc062723c751e8b465ee728b)  -> (artifact id: '87d7822fdeebb89f786666bb65974402') in 0.071063 seconds
  Import took 0.093828 seconds .

========================================================================
Received Import Request.
  Time since last request: 10.813343 seconds.
  path: Assets/GabrielAguiarProductions/Unique_Projectiles_Volume_1/Models/ProjectileShape01.fbx
  artifactKey: Guid(3925c387845ff51429c79f31d4c78040) Importer(815301076,1909f56bfc062723c751e8b465ee728b)
Start importing Assets/GabrielAguiarProductions/Unique_Projectiles_Volume_1/Models/ProjectileShape01.fbx using Guid(3925c387845ff51429c79f31d4c78040) Importer(815301076,1909f56bfc062723c751e8b465ee728b)  -> (artifact id: 'cea0ff80b304081714c7276939b5f060') in 0.278916 seconds
  Import took 0.285370 seconds .

========================================================================
Received Import Request.
  Time since last request: 1.377635 seconds.
  path: Assets/Prefabs/vfx_Projectile_SpellOrange_Mobile.prefab
  artifactKey: Guid(1c42df62458111b4abf81bf4d13f0c8e) Importer(815301076,1909f56bfc062723c751e8b465ee728b)
Start importing Assets/Prefabs/vfx_Projectile_SpellOrange_Mobile.prefab using Guid(1c42df62458111b4abf81bf4d13f0c8e) Importer(815301076,1909f56bfc062723c751e8b465ee728b)  -> (artifact id: '86ba0f6e4e8884886d88759159edded1') in 0.027014 seconds
  Import took 0.037605 seconds .

========================================================================
Received Prepare
Registering precompiled user dll's ...
Registered in 0.018447 seconds.
Begin MonoManager ReloadAssembly
Native extension for WindowsStandalone target not found
Refreshing native plugins compatible for Editor in 0.72 ms, found 2 plugins.
Preloading 0 native plugins for Editor in 0.00 ms.
Mono: successfully reloaded assembly
- Completed reload, in  2.915 seconds
Platform modules already initialized, skipping
Switching build target platform(19) subTarget(0) extendedPlatform(0) -> platform(13) subTarget(589824) extendedPlatform(0)
Refreshing native plugins compatible for Editor in 0.78 ms, found 2 plugins.
Preloading 0 native plugins for Editor in 0.00 ms.
Unloading 1434 Unused Serialized files (Serialized files now loaded: 0)
System memory in use before: 75.0 MB.
System memory in use after: 75.1 MB.

Unloading 16 unused Assets to reduce memory usage. Loaded Objects now: 1966.
Total: 5.497100 ms (FindLiveObjects: 0.377200 ms CreateObjectMapping: 0.157100 ms MarkObjects: 4.914000 ms  DeleteObjects: 0.046100 ms)

AssetImportParameters requested are different than current active one (requested -> active):
  custom:graphics/normal-map-encoding: 01000000000000000000000000000000 -> 02000000000000000000000000000000
========================================================================
Received Prepare
Registering precompiled user dll's ...
Registered in 0.016030 seconds.
Begin MonoManager ReloadAssembly
Native extension for WindowsStandalone target not found
Refreshing native plugins compatible for Editor in 0.59 ms, found 2 plugins.
Preloading 0 native plugins for Editor in 0.00 ms.
Mono: successfully reloaded assembly
- Completed reload, in  2.803 seconds
Platform modules already initialized, skipping
Switching build target platform(19) subTarget(0) extendedPlatform(0) -> platform(13) subTarget(589824) extendedPlatform(0)
Refreshing native plugins compatible for Editor in 1.81 ms, found 2 plugins.
Preloading 0 native plugins for Editor in 0.00 ms.
Unloading 1434 Unused Serialized files (Serialized files now loaded: 0)
System memory in use before: 75.0 MB.
System memory in use after: 75.1 MB.

Unloading 15 unused Assets to reduce memory usage. Loaded Objects now: 1969.
Total: 5.453300 ms (FindLiveObjects: 0.469500 ms CreateObjectMapping: 0.252700 ms MarkObjects: 4.607800 ms  DeleteObjects: 0.119700 ms)

AssetImportParameters requested are different than current active one (requested -> active):
  custom:graphics/normal-map-encoding: 01000000000000000000000000000000 -> 02000000000000000000000000000000
========================================================================
Received Import Request.
  Time since last request: 369.372304 seconds.
  path: Assets/Prefabs/vfx_Projectile_SpellOrange_Mobile.prefab
  artifactKey: Guid(1c42df62458111b4abf81bf4d13f0c8e) Importer(815301076,1909f56bfc062723c751e8b465ee728b)
Start importing Assets/Prefabs/vfx_Projectile_SpellOrange_Mobile.prefab using Guid(1c42df62458111b4abf81bf4d13f0c8e) Importer(815301076,1909f56bfc062723c751e8b465ee728b)  -> (artifact id: '86bb375b3c248a74159071488d8e028a') in 0.091748 seconds
  Import took 0.097590 seconds .

========================================================================
Received Import Request.
  Time since last request: 0.039282 seconds.
  path: Assets/Prefabs/vfx_Projectile_SpellOrange_Mobile.prefab
  artifactKey: Guid(1c42df62458111b4abf81bf4d13f0c8e) Importer(815301076,1909f56bfc062723c751e8b465ee728b)
Start importing Assets/Prefabs/vfx_Projectile_SpellOrange_Mobile.prefab using Guid(1c42df62458111b4abf81bf4d13f0c8e) Importer(815301076,1909f56bfc062723c751e8b465ee728b)  -> (artifact id: '86bb375b3c248a74159071488d8e028a') in 0.019764 seconds
  Import took 0.029386 seconds .

========================================================================
Received Prepare
Registering precompiled user dll's ...
Registered in 0.020649 seconds.
Begin MonoManager ReloadAssembly
Native extension for WindowsStandalone target not found
Refreshing native plugins compatible for Editor in 1.06 ms, found 2 plugins.
Preloading 0 native plugins for Editor in 0.00 ms.
Mono: successfully reloaded assembly
- Completed reload, in  3.921 seconds
Platform modules already initialized, skipping
Switching build target platform(19) subTarget(0) extendedPlatform(0) -> platform(13) subTarget(589824) extendedPlatform(0)
Refreshing native plugins compatible for Editor in 0.68 ms, found 2 plugins.
Preloading 0 native plugins for Editor in 0.00 ms.
Unloading 1434 Unused Serialized files (Serialized files now loaded: 0)
System memory in use before: 75.0 MB.
System memory in use after: 75.1 MB.

Unloading 15 unused Assets to reduce memory usage. Loaded Objects now: 1972.
Total: 3.776700 ms (FindLiveObjects: 0.216100 ms CreateObjectMapping: 0.100700 ms MarkObjects: 3.425200 ms  DeleteObjects: 0.032500 ms)

AssetImportParameters requested are different than current active one (requested -> active):
  custom:graphics/normal-map-encoding: 01000000000000000000000000000000 -> 02000000000000000000000000000000
========================================================================
Received Prepare
Registering precompiled user dll's ...
Registered in 0.010881 seconds.
Begin MonoManager ReloadAssembly
Native extension for WindowsStandalone target not found
Refreshing native plugins compatible for Editor in 1.23 ms, found 2 plugins.
Preloading 0 native plugins for Editor in 0.00 ms.
Mono: successfully reloaded assembly
- Completed reload, in  3.562 seconds
Platform modules already initialized, skipping
Switching build target platform(19) subTarget(0) extendedPlatform(0) -> platform(13) subTarget(589824) extendedPlatform(0)
Refreshing native plugins compatible for Editor in 0.90 ms, found 2 plugins.
Preloading 0 native plugins for Editor in 0.00 ms.
Unloading 1434 Unused Serialized files (Serialized files now loaded: 0)
System memory in use before: 75.0 MB.
System memory in use after: 75.1 MB.

Unloading 15 unused Assets to reduce memory usage. Loaded Objects now: 1975.
Total: 3.927700 ms (FindLiveObjects: 0.324900 ms CreateObjectMapping: 0.152800 ms MarkObjects: 3.410100 ms  DeleteObjects: 0.037500 ms)

AssetImportParameters requested are different than current active one (requested -> active):
  custom:graphics/normal-map-encoding: 01000000000000000000000000000000 -> 02000000000000000000000000000000
========================================================================
Received Prepare
Registering precompiled user dll's ...
Registered in 3.017613 seconds.
Begin MonoManager ReloadAssembly
Native extension for WindowsStandalone target not found
Refreshing native plugins compatible for Editor in 0.82 ms, found 2 plugins.
Preloading 0 native plugins for Editor in 0.00 ms.
Mono: successfully reloaded assembly
- Completed reload, in 38.459 seconds
Platform modules already initialized, skipping
Switching build target platform(19) subTarget(0) extendedPlatform(0) -> platform(13) subTarget(589824) extendedPlatform(0)
Refreshing native plugins compatible for Editor in 1.02 ms, found 2 plugins.
Preloading 0 native plugins for Editor in 0.00 ms.
Unloading 1434 Unused Serialized files (Serialized files now loaded: 0)
System memory in use before: 75.0 MB.
System memory in use after: 75.1 MB.

Unloading 15 unused Assets to reduce memory usage. Loaded Objects now: 1978.
Total: 4.400700 ms (FindLiveObjects: 0.220800 ms CreateObjectMapping: 0.100700 ms MarkObjects: 4.038600 ms  DeleteObjects: 0.037900 ms)

AssetImportParameters requested are different than current active one (requested -> active):
  custom:graphics/normal-map-encoding: 01000000000000000000000000000000 -> 02000000000000000000000000000000
========================================================================
Received Prepare
Refreshing native plugins compatible for Editor in 106.92 ms, found 2 plugins.
Preloading 0 native plugins for Editor in 0.00 ms.
Unloading 13 Unused Serialized files (Serialized files now loaded: 0)
System memory in use before: 47.2 MB.
System memory in use after: 47.3 MB.

Unloading 13 unused Assets to reduce memory usage. Loaded Objects now: 1978.
Total: 9.670200 ms (FindLiveObjects: 0.387200 ms CreateObjectMapping: 0.154900 ms MarkObjects: 9.034900 ms  DeleteObjects: 0.089200 ms)

AssetImportWorkerClient::OnTransportError - code=2 error=End of file
